/*C1*/SET SCHEMA SYSTEM_LOBS
INSERT INTO BLOCKS VALUES(0,2147483647,0)
COMMIT
/*C2*/SET SCHEMA PUBLIC
CREATE TABLE "PUBLIC"."flyway_schema_history" (\u000a    "installed_rank" INT NOT NULL,\u000a    "version" VARCHAR(50),\u000a    "description" VARCHAR(200) NOT NULL,\u000a    "type" VARCHAR(20) NOT NULL,\u000a    "script" VARCHAR(1000) NOT NULL,\u000a    "checksum" INT,\u000a    "installed_by" VARCHAR(100) NOT NULL,\u000a    "installed_on" TIMESTAMP DEFAULT CURRENT_TIMESTAMP NOT NULL,\u000a    "execution_time" INT NOT NULL,\u000a    "success" BIT NOT NULL\u000a)
ALTER TABLE "PUBLIC"."flyway_schema_history" ADD CONSTRAINT "flyway_schema_history_pk" PRIMARY KEY ("installed_rank")
CREATE INDEX "PUBLIC"."flyway_schema_history_s_idx" ON "PUBLIC"."flyway_schema_history" ("success")
SET SCHEMA "PUBLIC"
CREATE TABLE events(\u000d\u000a\u0009id VARCHAR(255) NOT NULL PRIMARY KEY,\u000d\u000a\u0009title VARCHAR(255) NOT NULL,\u000d\u000a\u0009details VARCHAR(255) NOT NULL,\u000d\u000a\u0009slug VARCHAR(255) NOT NULL,\u000d\u000a\u0009maximumAttendees INT NOT NULL\u000d\u000a)
INSERT INTO "flyway_schema_history" VALUES(1,'1','create-table-events','SQL','V1__create-table-events.sql',1639840233,'SA','2024-04-01 23:28:12.047463',6,'1')
COMMIT
SET SCHEMA "PUBLIC"
DISCONNECT
/*C3*/SET SCHEMA PUBLIC
DISCONNECT
/*C4*/SET SCHEMA PUBLIC
DISCONNECT
/*C5*/SET SCHEMA PUBLIC
DISCONNECT
/*C6*/SET SCHEMA PUBLIC
DISCONNECT
/*C7*/SET SCHEMA PUBLIC
DISCONNECT
/*C8*/SET SCHEMA PUBLIC
DISCONNECT
/*C9*/SET SCHEMA PUBLIC
DISCONNECT
/*C10*/SET SCHEMA PUBLIC
DISCONNECT
/*C11*/SET SCHEMA PUBLIC
DISCONNECT
/*C12*/SET SCHEMA PUBLIC
SET SCHEMA "PUBLIC"
DISCONNECT
/*C13*/SET SCHEMA PUBLIC
DISCONNECT
/*C14*/SET SCHEMA PUBLIC
DISCONNECT
/*C15*/SET SCHEMA PUBLIC
DISCONNECT
/*C16*/SET SCHEMA PUBLIC
DISCONNECT
/*C17*/SET SCHEMA PUBLIC
DISCONNECT
/*C18*/SET SCHEMA PUBLIC
DISCONNECT
/*C19*/SET SCHEMA PUBLIC
DISCONNECT
/*C20*/SET SCHEMA PUBLIC
DISCONNECT
/*C21*/SET SCHEMA PUBLIC
DISCONNECT
/*C22*/SET SCHEMA PUBLIC
SET SCHEMA "PUBLIC"
/*C30*/SET SCHEMA PUBLIC
DISCONNECT
/*C29*/SET SCHEMA PUBLIC
DISCONNECT
/*C23*/SET SCHEMA PUBLIC
DISCONNECT
/*C25*/SET SCHEMA PUBLIC
DISCONNECT
/*C26*/SET SCHEMA PUBLIC
DISCONNECT
/*C31*/SET SCHEMA PUBLIC
DISCONNECT
/*C22*/DISCONNECT
/*C27*/SET SCHEMA PUBLIC
DISCONNECT
/*C28*/SET SCHEMA PUBLIC
DISCONNECT
/*C24*/SET SCHEMA PUBLIC
DISCONNECT
